<?xml version="1.0" encoding="UTF-8"?>
<robot generator="Robot 3.1.2 (Python 3.7.3 on darwin)" generated="20191103 19:04:41.655" rpa="false">
<suite id="s1" name="Test" source="/Users/lixue/PycharmProjects/selenium_project/test01/test.robot">
<test id="s1-t1" name="Valid Login">
<kw name="Open Browser To Login Page">
<kw name="Open Browser" library="SeleniumLibrary">
<doc>Opens a new browser instance to the optional ``url``.</doc>
<arguments>
<arg>${LOGIN URL}</arg>
<arg>${BROWSER}</arg>
</arguments>
<msg timestamp="20191103 19:04:42.025" level="INFO">Opening browser 'Chrome' to base url 'http://www.5itest.cn/login'.</msg>
<status status="PASS" starttime="20191103 19:04:42.025" endtime="20191103 19:04:56.959"></status>
</kw>
<status status="PASS" starttime="20191103 19:04:42.024" endtime="20191103 19:04:56.960"></status>
</kw>
<kw name="Input Username">
<arguments>
<arg>lixue</arg>
</arguments>
<kw name="Input Text" library="SeleniumLibrary">
<doc>Types the given ``text`` into the text field identified by ``locator``.</doc>
<arguments>
<arg>login_username</arg>
<arg>${username}</arg>
</arguments>
<msg timestamp="20191103 19:04:56.961" level="INFO">Typing text 'lixue' into text field 'login_username'.</msg>
<status status="PASS" starttime="20191103 19:04:56.961" endtime="20191103 19:04:57.104"></status>
</kw>
<status status="PASS" starttime="20191103 19:04:56.960" endtime="20191103 19:04:57.104"></status>
</kw>
<kw name="Input Password">
<arguments>
<arg>lx13552442973</arg>
</arguments>
<kw name="Input Text" library="SeleniumLibrary">
<doc>Types the given ``text`` into the text field identified by ``locator``.</doc>
<arguments>
<arg>login_password</arg>
<arg>${password}</arg>
</arguments>
<msg timestamp="20191103 19:04:57.105" level="INFO">Typing text 'lx13552442973' into text field 'login_password'.</msg>
<status status="PASS" starttime="20191103 19:04:57.105" endtime="20191103 19:04:57.192"></status>
</kw>
<status status="PASS" starttime="20191103 19:04:57.104" endtime="20191103 19:04:57.192"></status>
</kw>
<kw name="Submit Credentials">
<kw name="Click Button" library="SeleniumLibrary">
<doc>Clicks the button identified by ``locator``.</doc>
<arguments>
<arg>js-btn-login</arg>
</arguments>
<msg timestamp="20191103 19:04:57.192" level="INFO">Clicking button 'js-btn-login'.</msg>
<kw name="Capture Page Screenshot" library="SeleniumLibrary">
<doc>Takes a screenshot of the current page and embeds it into a log file.</doc>
<msg timestamp="20191103 19:04:57.659" level="INFO" html="yes">&lt;/td&gt;&lt;/tr&gt;&lt;tr&gt;&lt;td colspan="3"&gt;&lt;a href="selenium-screenshot-4.png"&gt;&lt;img src="selenium-screenshot-4.png" width="800px"&gt;&lt;/a&gt;</msg>
<status status="PASS" starttime="20191103 19:04:57.217" endtime="20191103 19:04:57.660"></status>
</kw>
<msg timestamp="20191103 19:04:57.667" level="FAIL">Button with locator 'js-btn-login' not found.</msg>
<status status="FAIL" starttime="20191103 19:04:57.192" endtime="20191103 19:04:57.667"></status>
</kw>
<status status="FAIL" starttime="20191103 19:04:57.192" endtime="20191103 19:04:57.668"></status>
</kw>
<kw name="Close Browser" library="SeleniumLibrary" type="teardown">
<doc>Closes the current browser.</doc>
<status status="PASS" starttime="20191103 19:04:57.668" endtime="20191103 19:04:57.763"></status>
</kw>
<status status="FAIL" starttime="20191103 19:04:42.024" endtime="20191103 19:04:57.764" critical="yes">Button with locator 'js-btn-login' not found.</status>
</test>
<doc>Simple example using SeleniumLibrary.</doc>
<status status="FAIL" starttime="20191103 19:04:41.656" endtime="20191103 19:04:57.767"></status>
</suite>
<statistics>
<total>
<stat pass="0" fail="1">Critical Tests</stat>
<stat pass="0" fail="1">All Tests</stat>
</total>
<tag>
</tag>
<suite>
<stat pass="0" fail="1" id="s1" name="Test">Test</stat>
</suite>
</statistics>
<errors>
</errors>
</robot>
